dipalzaandroid/build/outputs/logs/manifest-merger-debug-report.txt
-- Merging decision tree log ---
manifest
ADDED from src\main\AndroidManifest.xml:2:1-94:12
	package
		ADDED from src\main\AndroidManifest.xml:3:5-27
		INJECTED from src\main\AndroidManifest.xml
		INJECTED from src\main\AndroidManifest.xml
	android:versionName
		ADDED from src\main\AndroidManifest.xml:5:5-30
		INJECTED from src\main\AndroidManifest.xml
		INJECTED from src\main\AndroidManifest.xml
	android:versionCode
		ADDED from src\main\AndroidManifest.xml:4:5-28
		INJECTED from src\main\AndroidManifest.xml
		INJECTED from src\main\AndroidManifest.xml
	xmlns:android
		ADDED from src\main\AndroidManifest.xml:2:11-69
uses-sdk
ADDED from src\main\AndroidManifest.xml:6:5-100
	android:maxSdkVersion
		ADDED from src\main\AndroidManifest.xml:6:72-98
	android:targetSdkVersion
		ADDED from src\main\AndroidManifest.xml:6:42-71
		INJECTED from src\main\AndroidManifest.xml
		INJECTED from src\main\AndroidManifest.xml
	android:minSdkVersion
		ADDED from src\main\AndroidManifest.xml:6:15-41
		INJECTED from src\main\AndroidManifest.xml
		INJECTED from src\main\AndroidManifest.xml
uses-permission#android.permission.INTERNET
ADDED from src\main\AndroidManifest.xml:8:5-67
	android:name
		ADDED from src\main\AndroidManifest.xml:8:22-64
uses-permission#android.permission.ACCESS_NETWORK_STATE
ADDED from src\main\AndroidManifest.xml:9:5-79
	android:name
		ADDED from src\main\AndroidManifest.xml:9:22-76
uses-permission#android.permission.ACCESS_WIFI_STATE
ADDED from src\main\AndroidManifest.xml:10:5-76
	android:name
		ADDED from src\main\AndroidManifest.xml:10:22-73
uses-permission#android.permission.VIBRATE
ADDED from src\main\AndroidManifest.xml:11:5-66
	android:name
		ADDED from src\main\AndroidManifest.xml:11:22-63
application
ADDED from src\main\AndroidManifest.xml:13:5-92:19
	android:icon
		ADDED from src\main\AndroidManifest.xml:15:9-45
	android:theme
		ADDED from src\main\AndroidManifest.xml:16:9-40
	android:name
		ADDED from src\main\AndroidManifest.xml:14:9-55
activity#main.dipalza.MainDipalza
ADDED from src\main\AndroidManifest.xml:17:9-29:20
	android:screenOrientation
		ADDED from src\main\AndroidManifest.xml:23:13-49
	android:label
		ADDED from src\main\AndroidManifest.xml:21:13-35
	android:launchMode
		ADDED from src\main\AndroidManifest.xml:22:13-42
	android:configChanges
		ADDED from src\main\AndroidManifest.xml:19:13-72
	android:icon
		ADDED from src\main\AndroidManifest.xml:20:13-49
	android:name
		ADDED from src\main\AndroidManifest.xml:18:13-40
intent-filter#android.intent.action.MAIN+android.intent.category.LAUNCHER
ADDED from src\main\AndroidManifest.xml:24:13-28:29
action#android.intent.action.MAIN
ADDED from src\main\AndroidManifest.xml:25:17-69
	android:name
		ADDED from src\main\AndroidManifest.xml:25:25-66
category#android.intent.category.LAUNCHER
ADDED from src\main\AndroidManifest.xml:27:17-77
	android:name
		ADDED from src\main\AndroidManifest.xml:27:27-74
activity#main.dipalza.Clientes
ADDED from src\main\AndroidManifest.xml:30:9-35:20
	android:label
		ADDED from src\main\AndroidManifest.xml:33:13-37
	android:configChanges
		ADDED from src\main\AndroidManifest.xml:32:13-72
	android:theme
		ADDED from src\main\AndroidManifest.xml:34:13-44
	android:name
		ADDED from src\main\AndroidManifest.xml:31:13-36
activity#main.dipalza.VentaEncabezado
ADDED from src\main\AndroidManifest.xml:36:9-41:20
	android:label
		ADDED from src\main\AndroidManifest.xml:39:13-34
	android:configChanges
		ADDED from src\main\AndroidManifest.xml:38:13-72
	android:theme
		ADDED from src\main\AndroidManifest.xml:40:13-44
	android:name
		ADDED from src\main\AndroidManifest.xml:37:13-43
activity#main.dipalza.VentaDetalle
ADDED from src\main\AndroidManifest.xml:42:9-47:20
	android:label
		ADDED from src\main\AndroidManifest.xml:45:13-42
	android:configChanges
		ADDED from src\main\AndroidManifest.xml:44:13-72
	android:theme
		ADDED from src\main\AndroidManifest.xml:46:13-44
	android:name
		ADDED from src\main\AndroidManifest.xml:43:13-40
activity#main.dipalza.Productos
ADDED from src\main\AndroidManifest.xml:48:9-55:20
	android:label
		ADDED from src\main\AndroidManifest.xml:52:13-38
	android:configChanges
		ADDED from src\main\AndroidManifest.xml:50:13-72
	android:theme
		ADDED from src\main\AndroidManifest.xml:52:39-70
	android:name
		ADDED from src\main\AndroidManifest.xml:49:13-37
activity#main.dipalza.ActivityConfiguracion
ADDED from src\main\AndroidManifest.xml:56:9-61:20
	android:label
		ADDED from src\main\AndroidManifest.xml:59:13-42
	android:configChanges
		ADDED from src\main\AndroidManifest.xml:58:13-72
	android:theme
		ADDED from src\main\AndroidManifest.xml:60:13-44
	android:name
		ADDED from src\main\AndroidManifest.xml:57:13-49
activity#main.dipalza.VentaRegistros
ADDED from src\main\AndroidManifest.xml:62:9-67:20
	android:label
		ADDED from src\main\AndroidManifest.xml:65:13-35
	android:configChanges
		ADDED from src\main\AndroidManifest.xml:64:13-72
	android:theme
		ADDED from src\main\AndroidManifest.xml:66:13-44
	android:name
		ADDED from src\main\AndroidManifest.xml:63:13-42
activity#main.dipalza.EnviarVentas
ADDED from src\main\AndroidManifest.xml:68:9-73:20
	android:label
		ADDED from src\main\AndroidManifest.xml:71:13-40
	android:configChanges
		ADDED from src\main\AndroidManifest.xml:70:13-72
	android:theme
		ADDED from src\main\AndroidManifest.xml:72:13-44
	android:name
		ADDED from src\main\AndroidManifest.xml:69:13-40
activity#main.dipalza.RecepcionCP
ADDED from src\main\AndroidManifest.xml:74:9-79:20
	android:label
		ADDED from src\main\AndroidManifest.xml:77:13-38
	android:configChanges
		ADDED from src\main\AndroidManifest.xml:76:13-72
	android:theme
		ADDED from src\main\AndroidManifest.xml:78:13-44
	android:name
		ADDED from src\main\AndroidManifest.xml:75:13-39
activity#main.dipalza.VentasResumen
ADDED from src\main\AndroidManifest.xml:80:9-85:20
	android:label
		ADDED from src\main\AndroidManifest.xml:83:13-43
	android:configChanges
		ADDED from src\main\AndroidManifest.xml:82:13-72
	android:theme
		ADDED from src\main\AndroidManifest.xml:84:13-44
	android:name
		ADDED from src\main\AndroidManifest.xml:81:13-41
activity#main.dipalza.AboutActivity
ADDED from src\main\AndroidManifest.xml:86:9-91:20
	android:label
		ADDED from src\main\AndroidManifest.xml:89:13-38
	android:configChanges
		ADDED from src\main\AndroidManifest.xml:88:13-72
	android:theme
		ADDED from src\main\AndroidManifest.xml:90:13-44
	android:name
		ADDED from src\main\AndroidManifest.xml:87:13-41